# JRE version: OpenJDK Runtime Environment (11.0.15) (build 11.0.15+0-b2043.56-8887301)
# Java VM: OpenJDK 64-Bit Server VM (11.0.15+0-b2043.56-8887301, mixed mode, tiered, compressed oops, g1 gc, windows-amd64)
Heap:
 garbage-first heap   total 759808K, used 201026K [0x0000000080000000, 0x0000000100000000)
  region size 1024K, 3 young (3072K), 3 survivors (3072K)
 Metaspace       used 136361K, capacity 140395K, committed 140700K, reserved 1171456K
  class space    used 16817K, capacity 18348K, committed 18456K, reserved 1048576K
GC Heap History (20 events):
Event: 5099.621 GC heap after
{Heap after GC invocations=136 (full 0):
 garbage-first heap   total 318464K, used 164122K [0x0000000080000000, 0x0000000100000000)
  region size 1024K, 2 young (2048K), 2 survivors (2048K)
 Metaspace       used 135502K, capacity 139318K, committed 139548K, reserved 1171456K
  class space    used 16704K, capacity 18157K, committed 18328K, reserved 1048576K
}
Event: 5099.960 GC heap before
{Heap before GC invocations=136 (full 0):
 garbage-first heap   total 318464K, used 177434K [0x0000000080000000, 0x0000000100000000)
  region size 1024K, 15 young (15360K), 2 survivors (2048K)
 Metaspace       used 135542K, capacity 139339K, committed 139548K, reserved 1171456K
  class space    used 16706K, capacity 18160K, committed 18328K, reserved 1048576K
}
Event: 5100.005 GC heap after
{Heap after GC invocations=137 (full 0):
 garbage-first heap   total 318464K, used 168251K [0x0000000080000000, 0x0000000100000000)
  region size 1024K, 2 young (2048K), 2 survivors (2048K)
 Metaspace       used 135542K, capacity 139339K, committed 139548K, reserved 1171456K
  class space    used 16706K, capacity 18160K, committed 18328K, reserved 1048576K
}
Event: 5100.452 GC heap before
{Heap before GC invocations=137 (full 0):
 garbage-first heap   total 318464K, used 188731K [0x0000000080000000, 0x0000000100000000)
  region size 1024K, 22 young (22528K), 2 survivors (2048K)
 Metaspace       used 135600K, capacity 139451K, committed 139804K, reserved 1171456K
  class space    used 16712K, capacity 18169K, committed 18328K, reserved 1048576K
}
Event: 5100.645 GC heap after
{Heap after GC invocations=138 (full 0):
 garbage-first heap   total 318464K, used 178826K [0x0000000080000000, 0x0000000100000000)
  region size 1024K, 3 young (3072K), 3 survivors (3072K)
 Metaspace       used 135600K, capacity 139451K, committed 139804K, reserved 1171456K
  class space    used 16712K, capacity 18169K, committed 18328K, reserved 1048576K
}
Event: 5101.075 GC heap before
{Heap before GC invocations=138 (full 0):
 garbage-first heap   total 318464K, used 196234K [0x0000000080000000, 0x0000000100000000)
  region size 1024K, 20 young (20480K), 3 survivors (3072K)
 Metaspace       used 135619K, capacity 139451K, committed 139804K, reserved 1171456K
  class space    used 16712K, capacity 18169K, committed 18328K, reserved 1048576K
}
Event: 5101.143 GC heap after
{Heap after GC invocations=139 (full 0):
 garbage-first heap   total 424960K, used 187803K [0x0000000080000000, 0x0000000100000000)
  region size 1024K, 3 young (3072K), 3 survivors (3072K)
 Metaspace       used 135619K, capacity 139451K, committed 139804K, reserved 1171456K
  class space    used 16712K, capacity 18169K, committed 18328K, reserved 1048576K
}
Event: 5104.217 GC heap before
{Heap before GC invocations=139 (full 0):
 garbage-first heap   total 424960K, used 205211K [0x0000000080000000, 0x0000000100000000)
  region size 1024K, 20 young (20480K), 3 survivors (3072K)
 Metaspace       used 135655K, capacity 139481K, committed 139804K, reserved 1171456K
  class space    used 16717K, capacity 18200K, committed 18328K, reserved 1048576K
}
Event: 5104.475 GC heap after
{Heap after GC invocations=140 (full 0):
 garbage-first heap   total 424960K, used 197446K [0x0000000080000000, 0x0000000100000000)
  region size 1024K, 3 young (3072K), 3 survivors (3072K)
 Metaspace       used 135655K, capacity 139481K, committed 139804K, reserved 1171456K
  class space    used 16717K, capacity 18200K, committed 18328K, reserved 1048576K
}
Event: 5108.111 GC heap before
{Heap before GC invocations=141 (full 0):
 garbage-first heap   total 424960K, used 213830K [0x0000000080000000, 0x0000000100000000)
  region size 1024K, 20 young (20480K), 3 survivors (3072K)
 Metaspace       used 135659K, capacity 139481K, committed 139804K, reserved 1171456K
  class space    used 16717K, capacity 18200K, committed 18328K, reserved 1048576K
}
Event: 5108.619 GC heap after
{Heap after GC invocations=142 (full 0):
 garbage-first heap   total 424960K, used 206657K [0x0000000080000000, 0x0000000100000000)
  region size 1024K, 3 young (3072K), 3 survivors (3072K)
 Metaspace       used 135659K, capacity 139481K, committed 139804K, reserved 1171456K
  class space    used 16717K, capacity 18200K, committed 18328K, reserved 1048576K
}
Event: 5111.236 GC heap before
{Heap before GC invocations=142 (full 0):
 garbage-first heap   total 424960K, used 224065K [0x0000000080000000, 0x0000000100000000)
  region size 1024K, 20 young (20480K), 3 survivors (3072K)
 Metaspace       used 136017K, capacity 139978K, committed 140060K, reserved 1171456K
  class space    used 16777K, capacity 18281K, committed 18328K, reserved 1048576K
}
Event: 5111.287 GC heap after
{Heap after GC invocations=143 (full 0):
 garbage-first heap   total 424960K, used 205543K [0x0000000080000000, 0x0000000100000000)
  region size 1024K, 1 young (1024K), 1 survivors (1024K)
 Metaspace       used 136017K, capacity 139978K, committed 140060K, reserved 1171456K
  class space    used 16777K, capacity 18281K, committed 18328K, reserved 1048576K
}
Event: 5112.396 GC heap before
{Heap before GC invocations=143 (full 0):
 garbage-first heap   total 424960K, used 223975K [0x0000000080000000, 0x0000000100000000)
  region size 1024K, 20 young (20480K), 1 survivors (1024K)
 Metaspace       used 136186K, capacity 140191K, committed 140316K, reserved 1171456K
  class space    used 16804K, capacity 18327K, committed 18328K, reserved 1048576K
}
Event: 5112.416 GC heap after
{Heap after GC invocations=144 (full 0):
 garbage-first heap   total 424960K, used 208812K [0x0000000080000000, 0x0000000100000000)
  region size 1024K, 3 young (3072K), 3 survivors (3072K)
 Metaspace       used 136186K, capacity 140191K, committed 140316K, reserved 1171456K
  class space    used 16804K, capacity 18327K, committed 18328K, reserved 1048576K
}
Event: 5114.311 GC heap before
{Heap before GC invocations=145 (full 0):
 garbage-first heap   total 424960K, used 219052K [0x0000000080000000, 0x0000000100000000)
  region size 1024K, 24 young (24576K), 3 survivors (3072K)
 Metaspace       used 136305K, capacity 140328K, committed 140444K, reserved 1171456K
  class space    used 16817K, capacity 18348K, committed 18456K, reserved 1048576K
}
Event: 5114.353 GC heap after
{Heap after GC invocations=146 (full 0):
 garbage-first heap   total 424960K, used 199423K [0x0000000080000000, 0x0000000100000000)
  region size 1024K, 3 young (3072K), 3 survivors (3072K)
 Metaspace       used 136305K, capacity 140328K, committed 140444K, reserved 1171456K
  class space    used 16817K, capacity 18348K, committed 18456K, reserved 1048576K
}
Event: 5116.893 GC heap before
{Heap before GC invocations=146 (full 0):
 garbage-first heap   total 424960K, used 217855K [0x0000000080000000, 0x0000000100000000)
  region size 1024K, 20 young (20480K), 3 survivors (3072K)
 Metaspace       used 136340K, capacity 140329K, committed 140444K, reserved 1171456K
  class space    used 16817K, capacity 18348K, committed 18456K, reserved 1048576K
}
Event: 5116.994 GC heap after
{Heap after GC invocations=147 (full 0):
 garbage-first heap   total 424960K, used 195437K [0x0000000080000000, 0x0000000100000000)
  region size 1024K, 3 young (3072K), 3 survivors (3072K)
 Metaspace       used 136340K, capacity 140329K, committed 140444K, reserved 1171456K
  class space    used 16817K, capacity 18348K, committed 18456K, reserved 1048576K
}
Event: 5121.233 GC heap before
{Heap before GC invocations=147 (full 0):
 garbage-first heap   total 424960K, used 220013K [0x0000000080000000, 0x0000000100000000)
  region size 1024K, 20 young (20480K), 3 survivors (3072K)
 Metaspace       used 136361K, capacity 140395K, committed 140700K, reserved 1171456K
  class space    used 16817K, capacity 18348K, committed 18456K, reserved 1048576K
}

